#
# There is insufficient memory for the Java Runtime Environment to continue.
# Native memory allocation (malloc) failed to allocate 1048576 bytes for AllocateHeap
# Possible reasons:
#   The system is out of physical RAM or swap space
#   The process is running with CompressedOops enabled, and the Java Heap may be blocking the growth of the native heap
# Possible solutions:
#   Reduce memory load on the system
#   Increase physical memory or swap space
#   Check if swap backing store is full
#   Decrease Java heap size (-Xmx/-Xms)
#   Decrease number of Java threads
#   Decrease Java thread stack sizes (-Xss)
#   Set larger code cache with -XX:ReservedCodeCacheSize=
#   JVM is running with Unscaled Compressed Oops mode in which the Java heap is
#     placed in the first 4GB address space. The Java Heap base address is the
#     maximum limit for the native heap growth. Please use -XX:HeapBaseMinAddress
#     to set the Java Heap base and to place the Java Heap above 4GB virtual address.
# This output file may be truncated or incomplete.
#
#  Out of Memory Error (t:/workspace/open/src/hotspot/share/memory/allocation.cpp:46), pid=22020, tid=16324
#
# JRE version: Java(TM) SE Runtime Environment (12.0+33) (build 12+33)
# Java VM: Java HotSpot(TM) 64-Bit Server VM (12+33, mixed mode, sharing, tiered, compressed oops, g1 gc, windows-amd64)
# No core dump will be written. Minidumps are not enabled by default on client versions of Windows
#

---------------  S U M M A R Y ------------

Command Line: --add-opens=java.base/java.util=ALL-UNNAMED -XX:+HeapDumpOnOutOfMemoryError -Xmx1024m -Dfile.encoding=windows-1252 -Duser.country=BR -Duser.language=pt -Duser.variant org.gradle.launcher.daemon.bootstrap.GradleDaemon 4.10.2

Host: Intel(R) Core(TM) i5-7200U CPU @ 2.50GHz, 4 cores, 7G,  Windows 10 , 64 bit Build 17134 (10.0.17134.706)
Time: Sat May  4 19:22:29 2019 Hora oficial do Brasil elapsed time: 5481 seconds (0d 1h 31m 21s)

---------------  T H R E A D  ---------------

Current thread (0x000001c17f413800):  VMThread "VM Thread" [stack: 0x0000000702500000,0x0000000702600000] [id=16324]

Stack: [0x0000000702500000,0x0000000702600000]
[error occurred during error reporting (printing stack bounds), id 0xc0000005, EXCEPTION_ACCESS_VIOLATION (0xc0000005) at pc=0x000001c108330bad]

Native frames: (J=compiled Java code, j=interpreted, Vv=VM code, C=native code)
V  [jvm.dll+0x63948a]
V  [jvm.dll+0x78b31f]
V  [jvm.dll+0x78c9c1]
V  [jvm.dll+0x78cf75]
V  [jvm.dll+0x78cf2b]
V  [jvm.dll+0x638b84]
V  [jvm.dll+0x638f58]
C  [ntdll.dll+0x9f7dd]
C  [ntdll.dll+0xd856]
C  [ntdll.dll+0x9e70e]
C  0x000001c108330bad

VM_Operation (0x00000007035fa8d0): CollectForMetadataAllocation, mode: safepoint, requested by thread 0x000001c118c0f000


---------------  P R O C E S S  ---------------

Threads class SMR info:
_java_thread_list=0x000001c118463ca0, length=38, elements={
0x000001c17a88f000, 0x000001c17f416800, 0x000001c17f418000, 0x000001c17f432800,
0x000001c17f434800, 0x000001c17f436000, 0x000001c17f440000, 0x000001c17f441800,
0x000001c11741a800, 0x000001c11741f000, 0x000001c117575800, 0x000001c117ad4800,
0x000001c117d29800, 0x000001c1187af000, 0x000001c1187b2800, 0x000001c1187b5800,
0x000001c1187b5000, 0x000001c118c14800, 0x000001c118c13000, 0x000001c118c1a800,
0x000001c118c1b000, 0x000001c1187b3000, 0x000001c1187b4000, 0x000001c1187b0000,
0x000001c118c0f000, 0x000001c118c14000, 0x000001c118c0e000, 0x000001c118c15800,
0x000001c118c0f800, 0x000001c118c16800, 0x000001c118c10800, 0x000001c118c11800,
0x000001c118c17000, 0x000001c118c18000, 0x000001c118c12000, 0x000001c118c18800,
0x000001c11af3c800, 0x000001c11af3b000
}

Java Threads: ( => current thread )
  0x000001c17a88f000 JavaThread "main" [_thread_blocked, id=25312, stack(0x0000000701f00000,0x0000000702000000)]
  0x000001c17f416800 JavaThread "Reference Handler" daemon [_thread_blocked, id=16984, stack(0x0000000702600000,0x0000000702700000)]
  0x000001c17f418000 JavaThread "Finalizer" daemon [_thread_blocked, id=14420, stack(0x0000000702700000,0x0000000702800000)]
  0x000001c17f432800 JavaThread "Signal Dispatcher" daemon [_thread_blocked, id=26804, stack(0x0000000702800000,0x0000000702900000)]
  0x000001c17f434800 JavaThread "Attach Listener" daemon [_thread_blocked, id=9928, stack(0x0000000702900000,0x0000000702a00000)]
  0x000001c17f436000 JavaThread "C2 CompilerThread0" daemon [_thread_blocked, id=8812, stack(0x0000000702a00000,0x0000000702b00000)]
  0x000001c17f440000 JavaThread "C1 CompilerThread0" daemon [_thread_blocked, id=26472, stack(0x0000000702b00000,0x0000000702c00000)]
  0x000001c17f441800 JavaThread "Sweeper thread" daemon [_thread_blocked, id=26656, stack(0x0000000702c00000,0x0000000702d00000)]
  0x000001c11741a800 JavaThread "Common-Cleaner" daemon [_thread_blocked, id=16880, stack(0x0000000702d00000,0x0000000702e00000)]
  0x000001c11741f000 JavaThread "Service Thread" daemon [_thread_blocked, id=25036, stack(0x0000000702e00000,0x0000000702f00000)]
  0x000001c117575800 JavaThread "Daemon health stats" [_thread_blocked, id=14384, stack(0x0000000703200000,0x0000000703300000)]
  0x000001c117ad4800 JavaThread "Incoming local TCP Connector on port 54543" [_thread_in_native, id=21192, stack(0x0000000703300000,0x0000000703400000)]
  0x000001c117d29800 JavaThread "Daemon periodic checks" [_thread_blocked, id=16472, stack(0x0000000703400000,0x0000000703500000)]
  0x000001c1187af000 JavaThread "Cache worker for file hash cache (C:\Users\leona\.gradle\caches\4.10.2\fileHashes)" [_thread_blocked, id=23936, stack(0x0000000703b00000,0x0000000703c00000)]
  0x000001c1187b2800 JavaThread "File lock request listener" [_thread_in_native, id=19704, stack(0x0000000703c00000,0x0000000703d00000)]
  0x000001c1187b5800 JavaThread "Cache worker for journal cache (C:\Users\leona\.gradle\caches\journal-1)" [_thread_blocked, id=28304, stack(0x0000000703e00000,0x0000000703f00000)]
  0x000001c1187b5000 JavaThread "Cache worker for Artifact transforms cache (C:\Users\leona\.gradle\caches\transforms-1)" [_thread_blocked, id=24964, stack(0x0000000704300000,0x0000000704400000)]
  0x000001c118c14800 JavaThread "Memory manager" [_thread_blocked, id=16164, stack(0x0000000704900000,0x0000000704a00000)]
  0x000001c118c13000 JavaThread "Cache worker for file content cache (C:\Users\leona\.gradle\caches\4.10.2\fileContent)" [_thread_blocked, id=25016, stack(0x0000000704a00000,0x0000000704b00000)]
  0x000001c118c1a800 JavaThread "Monitor" [_thread_in_native, id=1860, stack(0x0000000705300000,0x0000000705400000)]
  0x000001c118c1b000 JavaThread "Device List Monitor" [_thread_in_native, id=4820, stack(0x0000000705200000,0x0000000705300000)]
  0x000001c1187b3000 JavaThread "Daemon Thread 4" [_thread_blocked, id=7172, stack(0x0000000701c00000,0x0000000701d00000)]
  0x000001c1187b4000 JavaThread "Handler for socket connection from /127.0.0.1:54543 to /127.0.0.1:54958" [_thread_in_native, id=28452, stack(0x0000000701d00000,0x0000000701e00000)]
  0x000001c1187b0000 JavaThread "Cancel handler" [_thread_blocked, id=24076, stack(0x0000000701e00000,0x0000000701f00000)]
  0x000001c118c0f000 JavaThread "Daemon worker Thread 4" [_thread_blocked, id=11240, stack(0x0000000703500000,0x0000000703600000)]
  0x000001c118c14000 JavaThread "Asynchronous log dispatcher for DefaultDaemonConnection: socket connection from /127.0.0.1:54543 to /127.0.0.1:54958" [_thread_blocked, id=10300, stack(0x0000000703600000,0x0000000703700000)]
  0x000001c118c0e000 JavaThread "Stdin handler" [_thread_blocked, id=3168, stack(0x0000000703700000,0x0000000703800000)]
  0x000001c118c15800 JavaThread "Cache worker for file hash cache (C:\React Native\Cook-Dinner\CookDinner\android\.gradle\4.10.2\fileHashes)" [_thread_blocked, id=9860, stack(0x0000000703800000,0x0000000703900000)]
  0x000001c118c0f800 JavaThread "Cache worker for cache directory md-supplier (C:\Users\leona\.gradle\caches\4.10.2\md-supplier)" [_thread_blocked, id=13380, stack(0x0000000703a00000,0x0000000703b00000)]
  0x000001c118c16800 JavaThread "Cache worker for cache directory md-rule (C:\Users\leona\.gradle\caches\4.10.2\md-rule)" [_thread_blocked, id=27712, stack(0x0000000703d00000,0x0000000703e00000)]
  0x000001c118c10800 JavaThread "Build operations" [_thread_blocked, id=20712, stack(0x0000000704000000,0x0000000704100000)]
  0x000001c118c11800 JavaThread "Build operations Thread 2" [_thread_blocked, id=26328, stack(0x0000000704100000,0x0000000704200000)]
  0x000001c118c17000 JavaThread "Build operations Thread 3" [_thread_blocked, id=1276, stack(0x0000000704200000,0x0000000704300000)]
  0x000001c118c18000 JavaThread "Build operations Thread 4" [_thread_blocked, id=9156, stack(0x0000000704400000,0x0000000704500000)]
  0x000001c118c12000 JavaThread "pool-5-thread-1" [_thread_blocked, id=23248, stack(0x0000000704500000,0x0000000704600000)]
  0x000001c118c18800 JavaThread "Cache worker for file content cache (C:\React Native\Cook-Dinner\CookDinner\android\.gradle\4.10.2\fileContent)" [_thread_blocked, id=24876, stack(0x0000000704600000,0x0000000704700000)]
  0x000001c11af3c800 JavaThread "Cache worker for task history cache (C:\React Native\Cook-Dinner\CookDinner\android\.gradle\4.10.2\taskHistory)" [_thread_blocked, id=19200, stack(0x0000000704c00000,0x0000000704d00000)]
  0x000001c11af3b000 JavaThread "Cache worker for Build Output Cleanup Cache (C:\React Native\Cook-Dinner\CookDinner\android\.gradle\buildOutputCleanup)" [_thread_blocked, id=11960, stack(0x0000000704d00000,0x0000000704e00000)]

Other Threads:
=>0x000001c17f413800 VMThread "VM Thread" [stack: 0x0000000702500000,0x0000000702600000] [id=16324]
  0x000001c11742c800 WatcherThread [stack: 0x0000000702f00000,0x0000000703000000] [id=15108]
  0x000001c17a8b8800 GCTaskThread "GC Thread#0" [stack: 0x0000000702000000,0x0000000702100000] [id=13144]
  0x000001c117aa4800 GCTaskThread "GC Thread#1" [stack: 0x0000000703000000,0x0000000703100000] [id=5200]
  0x000001c117a1b800 GCTaskThread "GC Thread#2" [stack: 0x0000000703100000,0x0000000703200000] [id=5344]
  0x000001c119f3b800 GCTaskThread "GC Thread#3" [stack: 0x0000000703f00000,0x0000000704000000] [id=9328]
  0x000001c17a8c2800 ConcurrentGCThread "G1 Main Marker" [stack: 0x0000000702100000,0x0000000702200000] [id=16624]
  0x000001c17a8c4800 ConcurrentGCThread "G1 Conc#0" [stack: 0x0000000702200000,0x0000000702300000] [id=21916]
  0x000001c17a94f800 ConcurrentGCThread "G1 Refine#0" [stack: 0x0000000702300000,0x0000000702400000] [id=24532]
  0x000001c17a951000 ConcurrentGCThread "G1 Young RemSet Sampling" [stack: 0x0000000702400000,0x0000000702500000] [id=28280]

Threads with active compile tasks:
C1 CompilerThread0  14109       3       org.gradle.internal.io.StreamByteBuffer::allocateSpace (74 bytes)

VM state:at safepoint (normal execution)

VM Mutex/Monitor currently owned by a thread:  ([mutex/lock_event])
[0x000001c17a88b290] Threads_lock - owner thread: 0x000001c17f413800
[0x000001c17a88bc20] Heap_lock - owner thread: 0x000001c118c0f000

Heap address: 0x00000000c0000000, size: 1024 MB, Compressed Oops mode: 32-bit
Narrow klass base: 0x0000000800000000, Narrow klass shift: 3
Compressed class space size: 1073741824 Address: 0x00000008011a0000

Heap:
 garbage-first heap   total 148480K, used 80158K [0x00000000c0000000, 0x0000000100000000)
  region size 1024K, 2 young (2048K), 2 survivors (2048K)
 Metaspace       used 73428K, capacity 75744K, committed 75904K, reserved 1124352K
  class space    used 9228K, capacity 10013K, committed 10112K, reserved 1048576K
Heap Regions: E=young(eden), S=young(survivor), O=old, HS=humongous(starts), HC=humongous(continues), CS=collection set, F=free, A=archive, TAMS=top-at-mark-start (previous, next)
|   0|0x00000000c0000000, 0x00000000c0100000, 0x00000000c0100000|100%|HS|  |TAMS 0x00000000c0100000, 0x00000000c0000000| Complete 
|   1|0x00000000c0100000, 0x00000000c0200000, 0x00000000c0200000|100%|HC|  |TAMS 0x00000000c0200000, 0x00000000c0100000| Complete 
|   2|0x00000000c0200000, 0x00000000c0300000, 0x00000000c0300000|100%| O|  |TAMS 0x00000000c0300000, 0x00000000c0200000| Untracked 
|   3|0x00000000c0300000, 0x00000000c0400000, 0x00000000c0400000|100%| O|  |TAMS 0x00000000c0400000, 0x00000000c0300000| Untracked 
|   4|0x00000000c0400000, 0x00000000c0500000, 0x00000000c0500000|100%| O|  |TAMS 0x00000000c0500000, 0x00000000c0400000| Untracked 
|   5|0x00000000c0500000, 0x00000000c0600000, 0x00000000c0600000|100%| O|  |TAMS 0x00000000c0600000, 0x00000000c0500000| Untracked 
|   6|0x00000000c0600000, 0x00000000c0700000, 0x00000000c0700000|100%| O|  |TAMS 0x00000000c0700000, 0x00000000c0600000| Complete 
|   7|0x00000000c0700000, 0x00000000c0800000, 0x00000000c0800000|100%| O|  |TAMS 0x00000000c0800000, 0x00000000c0700000| Untracked 
|   8|0x00000000c0800000, 0x00000000c0900000, 0x00000000c0900000|100%| O|  |TAMS 0x00000000c0900000, 0x00000000c0800000| Complete 
|   9|0x00000000c0900000, 0x00000000c0a00000, 0x00000000c0a00000|100%| O|  |TAMS 0x00000000c0a00000, 0x00000000c0900000| Complete 
|  10|0x00000000c0a00000, 0x00000000c0b00000, 0x00000000c0b00000|100%| O|  |TAMS 0x00000000c0b00000, 0x00000000c0a00000| Untracked 
|  11|0x00000000c0b00000, 0x00000000c0c00000, 0x00000000c0c00000|100%| O|  |TAMS 0x00000000c0c00000, 0x00000000c0b00000| Untracked 
|  12|0x00000000c0c00000, 0x00000000c0d00000, 0x00000000c0d00000|100%| O|  |TAMS 0x00000000c0d00000, 0x00000000c0c00000| Complete 
|  13|0x00000000c0d00000, 0x00000000c0e00000, 0x00000000c0e00000|100%| O|  |TAMS 0x00000000c0e00000, 0x00000000c0d00000| Untracked 
|  14|0x00000000c0e00000, 0x00000000c0f00000, 0x00000000c0f00000|100%| O|  |TAMS 0x00000000c0f00000, 0x00000000c0e00000| Complete 
|  15|0x00000000c0f00000, 0x00000000c1000000, 0x00000000c1000000|100%| O|  |TAMS 0x00000000c1000000, 0x00000000c0f00000| Complete 
|  16|0x00000000c1000000, 0x00000000c1100000, 0x00000000c1100000|100%| O|  |TAMS 0x00000000c1100000, 0x00000000c1000000| Complete 
|  17|0x00000000c1100000, 0x00000000c1200000, 0x00000000c1200000|100%| O|  |TAMS 0x00000000c1200000, 0x00000000c1100000| Complete 
|  18|0x00000000c1200000, 0x00000000c1300000, 0x00000000c1300000|100%|HS|  |TAMS 0x00000000c1300000, 0x00000000c1200000| Complete 
|  19|0x00000000c1300000, 0x00000000c1400000, 0x00000000c1400000|100%|HC|  |TAMS 0x00000000c1400000, 0x00000000c1300000| Complete 
|  20|0x00000000c1400000, 0x00000000c1500000, 0x00000000c1500000|100%|HC|  |TAMS 0x00000000c1500000, 0x00000000c1400000| Complete 
|  21|0x00000000c1500000, 0x00000000c1600000, 0x00000000c1600000|100%|HS|  |TAMS 0x00000000c1600000, 0x00000000c1500000| Complete 
|  22|0x00000000c1600000, 0x00000000c1700000, 0x00000000c1700000|100%|HC|  |TAMS 0x00000000c1700000, 0x00000000c1600000| Complete 
|  23|0x00000000c1700000, 0x00000000c1800000, 0x00000000c1800000|100%| O|  |TAMS 0x00000000c1800000, 0x00000000c1700000| Complete 
|  24|0x00000000c1800000, 0x00000000c1900000, 0x00000000c1900000|100%| O|  |TAMS 0x00000000c1900000, 0x00000000c1800000| Complete 
|  25|0x00000000c1900000, 0x00000000c1a00000, 0x00000000c1a00000|100%| O|  |TAMS 0x00000000c1900000, 0x00000000c1900000| Untracked 
|  26|0x00000000c1a00000, 0x00000000c1b00000, 0x00000000c1b00000|100%| O|  |TAMS 0x00000000c1b00000, 0x00000000c1a00000| Complete 
|  27|0x00000000c1b00000, 0x00000000c1c00000, 0x00000000c1c00000|100%| O|  |TAMS 0x00000000c1c00000, 0x00000000c1b00000| Untracked 
|  28|0x00000000c1c00000, 0x00000000c1d00000, 0x00000000c1d00000|100%| O|  |TAMS 0x00000000c1d00000, 0x00000000c1c00000| Complete 
|  29|0x00000000c1d00000, 0x00000000c1e00000, 0x00000000c1e00000|100%| O|  |TAMS 0x00000000c1e00000, 0x00000000c1d00000| Untracked 
|  30|0x00000000c1e00000, 0x00000000c1f00000, 0x00000000c1f00000|100%| O|  |TAMS 0x00000000c1f00000, 0x00000000c1e00000| Complete 
|  31|0x00000000c1f00000, 0x00000000c2000000, 0x00000000c2000000|100%| O|  |TAMS 0x00000000c1f00000, 0x00000000c1f00000| Untracked 
|  32|0x00000000c2000000, 0x00000000c2100000, 0x00000000c2100000|100%| O|  |TAMS 0x00000000c2100000, 0x00000000c2000000| Untracked 
|  33|0x00000000c2100000, 0x00000000c2200000, 0x00000000c2200000|100%| O|  |TAMS 0x00000000c2200000, 0x00000000c2100000| Complete 
|  34|0x00000000c2200000, 0x00000000c2300000, 0x00000000c2300000|100%| O|  |TAMS 0x00000000c2200000, 0x00000000c2200000| Untracked 
|  35|0x00000000c2300000, 0x00000000c2400000, 0x00000000c2400000|100%| O|  |TAMS 0x00000000c2400000, 0x00000000c2300000| Complete 
|  36|0x00000000c2400000, 0x00000000c2500000, 0x00000000c2500000|100%| O|  |TAMS 0x00000000c2500000, 0x00000000c2400000| Complete 
|  37|0x00000000c2500000, 0x00000000c2600000, 0x00000000c2600000|100%| O|  |TAMS 0x00000000c2600000, 0x00000000c2500000| Complete 
|  38|0x00000000c2600000, 0x00000000c2700000, 0x00000000c2700000|100%| O|  |TAMS 0x00000000c2700000, 0x00000000c2600000| Untracked 
|  39|0x00000000c2700000, 0x00000000c2800000, 0x00000000c2800000|100%| O|  |TAMS 0x00000000c2800000, 0x00000000c2700000| Untracked 
|  40|0x00000000c2800000, 0x00000000c2900000, 0x00000000c2900000|100%| O|  |TAMS 0x00000000c2900000, 0x00000000c2800000| Complete 
|  41|0x00000000c2900000, 0x00000000c2a00000, 0x00000000c2a00000|100%| O|  |TAMS 0x00000000c2900000, 0x00000000c2900000| Untracked 
|  42|0x00000000c2a00000, 0x00000000c2b00000, 0x00000000c2b00000|100%| O|  |TAMS 0x00000000c2b00000, 0x00000000c2a00000| Complete 
|  43|0x00000000c2b00000, 0x00000000c2c00000, 0x00000000c2c00000|100%| O|  |TAMS 0x00000000c2b00000, 0x00000000c2b00000| Untracked 
|  44|0x00000000c2c00000, 0x00000000c2d00000, 0x00000000c2d00000|100%| O|  |TAMS 0x00000000c2d00000, 0x00000000c2c00000| Complete 
|  45|0x00000000c2d00000, 0x00000000c2e00000, 0x00000000c2e00000|100%| O|  |TAMS 0x00000000c2e00000, 0x00000000c2d00000| Complete 
|  46|0x00000000c2e00000, 0x00000000c2f00000, 0x00000000c2f00000|100%| O|  |TAMS 0x00000000c2f00000, 0x00000000c2e00000| Complete 
|  47|0x00000000c2f00000, 0x00000000c2fdf800, 0x00000000c3000000| 87%| O|  |TAMS 0x00000000c2f00000, 0x00000000c2f00000| Untracked 
|  48|0x00000000c3000000, 0x00000000c3100000, 0x00000000c3100000|100%| O|  |TAMS 0x00000000c3100000, 0x00000000c3000000| Complete 
|  49|0x00000000c3100000, 0x00000000c3100000, 0x00000000c3200000|  0%| F|  |TAMS 0x00000000c3100000, 0x00000000c3100000| Untracked 
|  50|0x00000000c3200000, 0x00000000c3200000, 0x00000000c3300000|  0%| F|  |TAMS 0x00000000c3200000, 0x00000000c3200000| Untracked 
|  51|0x00000000c3300000, 0x00000000c3400000, 0x00000000c3400000|100%| O|  |TAMS 0x00000000c3400000, 0x00000000c3300000| Untracked 
|  52|0x00000000c3400000, 0x00000000c3500000, 0x00000000c3500000|100%| O|  |TAMS 0x00000000c3500000, 0x00000000c3400000| Untracked 
|  53|0x00000000c3500000, 0x00000000c3600000, 0x00000000c3600000|100%|HS|  |TAMS 0x00000000c3600000, 0x00000000c3500000| Complete 
|  54|0x00000000c3600000, 0x00000000c3700000, 0x00000000c3700000|100%|HC|  |TAMS 0x00000000c3700000, 0x00000000c3600000| Complete 
|  55|0x00000000c3700000, 0x00000000c3800000, 0x00000000c3800000|100%| O|  |TAMS 0x00000000c3800000, 0x00000000c3700000| Untracked 
|  56|0x00000000c3800000, 0x00000000c3900000, 0x00000000c3900000|100%| O|  |TAMS 0x00000000c3900000, 0x00000000c3800000| Complete 
|  57|0x00000000c3900000, 0x00000000c3900000, 0x00000000c3a00000|  0%| F|  |TAMS 0x00000000c3900000, 0x00000000c3900000| Untracked 
|  58|0x00000000c3a00000, 0x00000000c3b00000, 0x00000000c3b00000|100%| O|  |TAMS 0x00000000c3b00000, 0x00000000c3a00000| Complete 
|  59|0x00000000c3b00000, 0x00000000c3c00000, 0x00000000c3c00000|100%| O|  |TAMS 0x00000000c3c00000, 0x00000000c3b00000| Untracked 
|  60|0x00000000c3c00000, 0x00000000c3d00000, 0x00000000c3d00000|100%| O|  |TAMS 0x00000000c3d00000, 0x00000000c3c00000| Untracked 
|  61|0x00000000c3d00000, 0x00000000c3e00000, 0x00000000c3e00000|100%| O|  |TAMS 0x00000000c3e00000, 0x00000000c3d00000| Complete 
|  62|0x00000000c3e00000, 0x00000000c3f00000, 0x00000000c3f00000|100%| O|  |TAMS 0x00000000c3f00000, 0x00000000c3e00000| Untracked 
|  63|0x00000000c3f00000, 0x00000000c4000000, 0x00000000c4000000|100%| O|  |TAMS 0x00000000c4000000, 0x00000000c3f00000| Untracked 
|  64|0x00000000c4000000, 0x00000000c4100000, 0x00000000c4100000|100%| O|  |TAMS 0x00000000c4100000, 0x00000000c4000000| Complete 
|  65|0x00000000c4100000, 0x00000000c4200000, 0x00000000c4200000|100%| O|  |TAMS 0x00000000c4200000, 0x00000000c4100000| Untracked 
|  66|0x00000000c4200000, 0x00000000c4300000, 0x00000000c4300000|100%| O|  |TAMS 0x00000000c4300000, 0x00000000c4200000| Untracked 
|  67|0x00000000c4300000, 0x00000000c4300000, 0x00000000c4400000|  0%| F|  |TAMS 0x00000000c4300000, 0x00000000c4300000| Untracked 
|  68|0x00000000c4400000, 0x00000000c4400000, 0x00000000c4500000|  0%| F|  |TAMS 0x00000000c4400000, 0x00000000c4400000| Untracked 
|  69|0x00000000c4500000, 0x00000000c4600000, 0x00000000c4600000|100%| O|  |TAMS 0x00000000c4600000, 0x00000000c4500000| Complete 
|  70|0x00000000c4600000, 0x00000000c4700000, 0x00000000c4700000|100%| O|  |TAMS 0x00000000c4700000, 0x00000000c4600000| Complete 
|  71|0x00000000c4700000, 0x00000000c4800000, 0x00000000c4800000|100%| O|  |TAMS 0x00000000c4800000, 0x00000000c4700000| Complete 
|  72|0x00000000c4800000, 0x00000000c4900000, 0x00000000c4900000|100%| O|  |TAMS 0x00000000c4900000, 0x00000000c4800000| Untracked 
|  73|0x00000000c4900000, 0x00000000c4900000, 0x00000000c4a00000|  0%| F|  |TAMS 0x00000000c4900000, 0x00000000c4900000| Untracked 
|  74|0x00000000c4a00000, 0x00000000c4b00000, 0x00000000c4b00000|100%| O|  |TAMS 0x00000000c4b00000, 0x00000000c4a00000| Complete 
|  75|0x00000000c4b00000, 0x00000000c4c00000, 0x00000000c4c00000|100%| O|  |TAMS 0x00000000c4c00000, 0x00000000c4b00000| Untracked 
|  76|0x00000000c4c00000, 0x00000000c4d00000, 0x00000000c4d00000|100%| O|  |TAMS 0x00000000c4d00000, 0x00000000c4c00000| Complete 
|  77|0x00000000c4d00000, 0x00000000c4e00000, 0x00000000c4e00000|100%| O|  |TAMS 0x00000000c4e00000, 0x00000000c4d00000| Complete 
|  78|0x00000000c4e00000, 0x00000000c4f00000, 0x00000000c4f00000|100%| O|  |TAMS 0x00000000c4f00000, 0x00000000c4e00000| Complete 
|  79|0x00000000c4f00000, 0x00000000c5000000, 0x00000000c5000000|100%| O|  |TAMS 0x00000000c5000000, 0x00000000c4f00000| Complete 
|  80|0x00000000c5000000, 0x00000000c5100000, 0x00000000c5100000|100%| O|  |TAMS 0x00000000c5100000, 0x00000000c5000000| Complete 
|  81|0x00000000c5100000, 0x00000000c5200000, 0x00000000c5200000|100%| O|  |TAMS 0x00000000c5195800, 0x00000000c5100000| Complete 
|  82|0x00000000c5200000, 0x00000000c5200000, 0x00000000c5300000|  0%| F|  |TAMS 0x00000000c5200000, 0x00000000c5200000| Untracked 
|  83|0x00000000c5300000, 0x00000000c5300000, 0x00000000c5400000|  0%| F|  |TAMS 0x00000000c5300000, 0x00000000c5300000| Untracked 
|  84|0x00000000c5400000, 0x00000000c5400000, 0x00000000c5500000|  0%| F|  |TAMS 0x00000000c5400000, 0x00000000c5400000| Untracked 
|  85|0x00000000c5500000, 0x00000000c5500000, 0x00000000c5600000|  0%| F|  |TAMS 0x00000000c5500000, 0x00000000c5500000| Untracked 
|  86|0x00000000c5600000, 0x00000000c5600000, 0x00000000c5700000|  0%| F|  |TAMS 0x00000000c5600000, 0x00000000c5600000| Untracked 
|  87|0x00000000c5700000, 0x00000000c5800000, 0x00000000c5800000|100%| O|  |TAMS 0x00000000c5800000, 0x00000000c5700000| Complete 
|  88|0x00000000c5800000, 0x00000000c5800000, 0x00000000c5900000|  0%| F|  |TAMS 0x00000000c5800000, 0x00000000c5800000| Untracked 
|  89|0x00000000c5900000, 0x00000000c5900000, 0x00000000c5a00000|  0%| F|  |TAMS 0x00000000c5900000, 0x00000000c5900000| Untracked 
|  90|0x00000000c5a00000, 0x00000000c5a00000, 0x00000000c5b00000|  0%| F|  |TAMS 0x00000000c5a00000, 0x00000000c5a00000| Untracked 
|  91|0x00000000c5b00000, 0x00000000c5b00000, 0x00000000c5c00000|  0%| F|  |TAMS 0x00000000c5b00000, 0x00000000c5b00000| Untracked 
|  92|0x00000000c5c00000, 0x00000000c5c00000, 0x00000000c5d00000|  0%| F|  |TAMS 0x00000000c5c00000, 0x00000000c5c00000| Untracked 
|  93|0x00000000c5d00000, 0x00000000c5d00000, 0x00000000c5e00000|  0%| F|  |TAMS 0x00000000c5d00000, 0x00000000c5d00000| Untracked 
|  94|0x00000000c5e00000, 0x00000000c5e00000, 0x00000000c5f00000|  0%| F|  |TAMS 0x00000000c5e00000, 0x00000000c5e00000| Untracked 
|  95|0x00000000c5f00000, 0x00000000c5f00000, 0x00000000c6000000|  0%| F|  |TAMS 0x00000000c5f00000, 0x00000000c5f00000| Untracked 
|  96|0x00000000c6000000, 0x00000000c6000000, 0x00000000c6100000|  0%| F|  |TAMS 0x00000000c6000000, 0x00000000c6000000| Untracked 
|  97|0x00000000c6100000, 0x00000000c6100000, 0x00000000c6200000|  0%| F|  |TAMS 0x00000000c6100000, 0x00000000c6100000| Untracked 
|  98|0x00000000c6200000, 0x00000000c6200000, 0x00000000c6300000|  0%| F|  |TAMS 0x00000000c6200000, 0x00000000c6200000| Untracked 
|  99|0x00000000c6300000, 0x00000000c6300000, 0x00000000c6400000|  0%| F|  |TAMS 0x00000000c6300000, 0x00000000c6300000| Untracked 
| 100|0x00000000c6400000, 0x00000000c6400000, 0x00000000c6500000|  0%| F|  |TAMS 0x00000000c6400000, 0x00000000c6400000| Untracked 
| 101|0x00000000c6500000, 0x00000000c6500000, 0x00000000c6600000|  0%| F|  |TAMS 0x00000000c6500000, 0x00000000c6500000| Untracked 
| 102|0x00000000c6600000, 0x00000000c6600000, 0x00000000c6700000|  0%| F|  |TAMS 0x00000000c6600000, 0x00000000c6600000| Untracked 
| 103|0x00000000c6700000, 0x00000000c6700000, 0x00000000c6800000|  0%| F|  |TAMS 0x00000000c6700000, 0x00000000c6700000| Untracked 
| 104|0x00000000c6800000, 0x00000000c6800000, 0x00000000c6900000|  0%| F|  |TAMS 0x00000000c6800000, 0x00000000c6800000| Untracked 
| 105|0x00000000c6900000, 0x00000000c6900000, 0x00000000c6a00000|  0%| F|  |TAMS 0x00000000c6900000, 0x00000000c6900000| Untracked 
| 106|0x00000000c6a00000, 0x00000000c6a00000, 0x00000000c6b00000|  0%| F|  |TAMS 0x00000000c6a00000, 0x00000000c6a00000| Untracked 
| 107|0x00000000c6b00000, 0x00000000c6b00000, 0x00000000c6c00000|  0%| F|  |TAMS 0x00000000c6b00000, 0x00000000c6b00000| Untracked 
| 108|0x00000000c6c00000, 0x00000000c6c00000, 0x00000000c6d00000|  0%| F|  |TAMS 0x00000000c6c00000, 0x00000000c6c00000| Untracked 
| 109|0x00000000c6d00000, 0x00000000c6d00000, 0x00000000c6e00000|  0%| F|  |TAMS 0x00000000c6d00000, 0x00000000c6d00000| Untracked 
| 110|0x00000000c6e00000, 0x00000000c6e00000, 0x00000000c6f00000|  0%| F|  |TAMS 0x00000000c6e00000, 0x00000000c6e00000| Untracked 
| 111|0x00000000c6f00000, 0x00000000c6f00000, 0x00000000c7000000|  0%| F|  |TAMS 0x00000000c6f00000, 0x00000000c6f00000| Untracked 
| 112|0x00000000c7000000, 0x00000000c7000000, 0x00000000c7100000|  0%| F|  |TAMS 0x00000000c7000000, 0x00000000c7000000| Untracked 
| 113|0x00000000c7100000, 0x00000000c7100000, 0x00000000c7200000|  0%| F|  |TAMS 0x00000000c7100000, 0x00000000c7100000| Untracked 
| 114|0x00000000c7200000, 0x00000000c7268300, 0x00000000c7300000| 40%| S|CS|TAMS 0x00000000c7200000, 0x00000000c7200000| Complete 
| 115|0x00000000c7300000, 0x00000000c7400000, 0x00000000c7400000|100%| S|CS|TAMS 0x00000000c7300000, 0x00000000c7300000| Complete 
| 116|0x00000000c7400000, 0x00000000c7400000, 0x00000000c7500000|  0%| F|  |TAMS 0x00000000c7400000, 0x00000000c7400000| Untracked 
| 117|0x00000000c7500000, 0x00000000c7500000, 0x00000000c7600000|  0%| F|  |TAMS 0x00000000c7500000, 0x00000000c7500000| Untracked 
| 118|0x00000000c7600000, 0x00000000c7600000, 0x00000000c7700000|  0%| F|  |TAMS 0x00000000c7600000, 0x00000000c7600000| Untracked 
| 119|0x00000000c7700000, 0x00000000c7700000, 0x00000000c7800000|  0%| F|  |TAMS 0x00000000c7700000, 0x00000000c7700000| Untracked 
| 120|0x00000000c7800000, 0x00000000c7800000, 0x00000000c7900000|  0%| F|  |TAMS 0x00000000c7800000, 0x00000000c7800000| Untracked 
| 121|0x00000000c7900000, 0x00000000c7900000, 0x00000000c7a00000|  0%| F|  |TAMS 0x00000000c7900000, 0x00000000c7900000| Untracked 
| 122|0x00000000c7a00000, 0x00000000c7a00000, 0x00000000c7b00000|  0%| F|  |TAMS 0x00000000c7a00000, 0x00000000c7a00000| Untracked 
| 123|0x00000000c7b00000, 0x00000000c7b00000, 0x00000000c7c00000|  0%| F|  |TAMS 0x00000000c7b00000, 0x00000000c7b00000| Untracked 
| 124|0x00000000c7c00000, 0x00000000c7c00000, 0x00000000c7d00000|  0%| F|  |TAMS 0x00000000c7c00000, 0x00000000c7c00000| Untracked 
| 125|0x00000000c7d00000, 0x00000000c7d00000, 0x00000000c7e00000|  0%| F|  |TAMS 0x00000000c7d00000, 0x00000000c7d00000| Untracked 
| 126|0x00000000c7e00000, 0x00000000c7e00000, 0x00000000c7f00000|  0%| F|  |TAMS 0x00000000c7e00000, 0x00000000c7e00000| Untracked 
| 127|0x00000000c7f00000, 0x00000000c7f00000, 0x00000000c8000000|  0%| F|  |TAMS 0x00000000c7f00000, 0x00000000c7f00000| Untracked 
| 128|0x00000000c8000000, 0x00000000c8000000, 0x00000000c8100000|  0%| F|  |TAMS 0x00000000c8000000, 0x00000000c8000000| Untracked 
| 129|0x00000000c8100000, 0x00000000c8100000, 0x00000000c8200000|  0%| F|  |TAMS 0x00000000c8100000, 0x00000000c8100000| Untracked 
| 130|0x00000000c8200000, 0x00000000c8200000, 0x00000000c8300000|  0%| F|  |TAMS 0x00000000c8200000, 0x00000000c8200000| Untracked 
| 131|0x00000000c8300000, 0x00000000c8300000, 0x00000000c8400000|  0%| F|  |TAMS 0x00000000c8300000, 0x00000000c8300000| Untracked 
| 132|0x00000000c8400000, 0x00000000c8400000, 0x00000000c8500000|  0%| F|  |TAMS 0x00000000c8400000, 0x00000000c8400000| Untracked 
| 133|0x00000000c8500000, 0x00000000c8500000, 0x00000000c8600000|  0%| F|  |TAMS 0x00000000c8500000, 0x00000000c8500000| Untracked 
| 134|0x00000000c8600000, 0x00000000c8600000, 0x00000000c8700000|  0%| F|  |TAMS 0x00000000c8600000, 0x00000000c8600000| Untracked 
| 135|0x00000000c8700000, 0x00000000c8700000, 0x00000000c8800000|  0%| F|  |TAMS 0x00000000c8700000, 0x00000000c8700000| Untracked 
| 136|0x00000000c8800000, 0x00000000c8800000, 0x00000000c8900000|  0%| F|  |TAMS 0x00000000c8800000, 0x00000000c8800000| Untracked 
| 137|0x00000000c8900000, 0x00000000c8900000, 0x00000000c8a00000|  0%| F|  |TAMS 0x00000000c8900000, 0x00000000c8900000| Untracked 
| 138|0x00000000c8a00000, 0x00000000c8a00000, 0x00000000c8b00000|  0%| F|  |TAMS 0x00000000c8a00000, 0x00000000c8a00000| Untracked 
| 139|0x00000000c8b00000, 0x00000000c8b00000, 0x00000000c8c00000|  0%| F|  |TAMS 0x00000000c8b00000, 0x00000000c8b00000| Untracked 
| 140|0x00000000c8c00000, 0x00000000c8c00000, 0x00000000c8d00000|  0%| F|  |TAMS 0x00000000c8c00000, 0x00000000c8c00000| Untracked 
| 141|0x00000000c8d00000, 0x00000000c8d00000, 0x00000000c8e00000|  0%| F|  |TAMS 0x00000000c8d00000, 0x00000000c8d00000| Untracked 
| 142|0x00000000c8e00000, 0x00000000c8e00000, 0x00000000c8f00000|  0%| F|  |TAMS 0x00000000c8e00000, 0x00000000c8e00000| Untracked 
| 143|0x00000000c8f00000, 0x00000000c8f00000, 0x00000000c9000000|  0%| F|  |TAMS 0x00000000c8f00000, 0x00000000c8f00000| Untracked 
| 144|0x00000000c9000000, 0x00000000c9000000, 0x00000000c9100000|  0%| F|  |TAMS 0x00000000c9000000, 0x00000000c9000000| Untracked 

Card table byte_map: [0x000001c17ab60000,0x000001c17ad60000] _byte_map_base: 0x000001c17a560000

Marking Bits (Prev, Next): (CMBitMap*) 0x000001c17a8ba588, (CMBitMap*) 0x000001c17a8ba548
 Prev Bits: [0x000001c17bf60000, 0x000001c17cf60000)
 Next Bits: [0x000001c17af60000, 0x000001c17bf60000)

Polling page: 0x000001c178700000

Metaspace:

Usage:
  Non-class:     64.19 MB capacity,    62.70 MB ( 98%) used,     1.34 MB (  2%) free+waste,   160.00 KB ( <1%) overhead. 
      Class:      9.78 MB capacity,     9.01 MB ( 92%) used,   711.89 KB (  7%) free+waste,    72.88 KB ( <1%) overhead. 
       Both:     73.97 MB capacity,    71.71 MB ( 97%) used,     2.03 MB (  3%) free+waste,   232.88 KB ( <1%) overhead. 

Virtual space:
  Non-class space:       74.00 MB reserved,      64.25 MB ( 87%) committed 
      Class space:        1.00 GB reserved,       9.88 MB ( <1%) committed 
             Both:        1.07 GB reserved,      74.13 MB (  7%) committed 

Chunk freelists:
   Non-Class:  7.63 KB
       Class:  12.38 KB
        Both:  20.00 KB

CodeHeap 'non-profiled nmethods': size=120064Kb used=9526Kb max_used=9526Kb free=110537Kb
 bounds [0x000001c10fdf0000, 0x000001c110740000, 0x000001c117330000]
CodeHeap 'profiled nmethods': size=120000Kb used=26333Kb max_used=26962Kb free=93666Kb
 bounds [0x000001c1088c0000, 0x000001c10a360000, 0x000001c10fdf0000]
CodeHeap 'non-nmethods': size=5696Kb used=2324Kb max_used=2389Kb free=3371Kb
 bounds [0x000001c108330000, 0x000001c1085a0000, 0x000001c1088c0000]
 total_blobs=18948 nmethods=11795 adapters=827
 compilation: enabled
              stopped_count=0, restarted_count=0
 full_count=0

Compilation events (10 events):
Event: 5481.008 Thread 0x000001c17f436000 nmethod 14098 0x000001c11073f110 code [0x000001c11073f2a0, 0x000001c11073f318]
Event: 5481.008 Thread 0x000001c17f440000 14099       1       java.lang.StackTraceElement::getClassName (5 bytes)
Event: 5481.008 Thread 0x000001c17f440000 nmethod 14099 0x000001c11073f390 code [0x000001c11073f540, 0x000001c11073f678]
Event: 5481.011 Thread 0x000001c17f440000 14100       3       java.io.ObjectOutputStream$HandleTable::assign (52 bytes)
Event: 5481.011 Thread 0x000001c17f440000 nmethod 14100 0x000001c10903e210 code [0x000001c10903e400, 0x000001c10903e6d0]
Event: 5481.011 Thread 0x000001c17f440000 14101       3       java.io.ObjectOutputStream$HandleTable::insert (39 bytes)
Event: 5481.011 Thread 0x000001c17f440000 nmethod 14101 0x000001c109388c10 code [0x000001c109388e00, 0x000001c109389270]
Event: 5481.011 Thread 0x000001c17f440000 14102   !   3       java.io.ObjectOutputStream::writeObject0 (619 bytes)
Event: 5481.016 Thread 0x000001c17f440000 nmethod 14102 0x000001c109a63510 code [0x000001c109a63b60, 0x000001c109a674e0]
Event: 5481.016 Thread 0x000001c17f440000 14109       3       org.gradle.internal.io.StreamByteBuffer::allocateSpace (74 bytes)

GC Heap History (10 events):
Event: 5070.195 GC heap before
{Heap before GC invocations=65 (full 0):
 garbage-first heap   total 148480K, used 112407K [0x00000000c0000000, 0x0000000100000000)
  region size 1024K, 39 young (39936K), 1 survivors (1024K)
 Metaspace       used 73073K, capacity 75319K, committed 75648K, reserved 1114112K
  class space    used 9212K, capacity 9968K, committed 10112K, reserved 1048576K
}
Event: 5070.201 GC heap after
{Heap after GC invocations=66 (full 0):
 garbage-first heap   total 148480K, used 73539K [0x00000000c0000000, 0x0000000100000000)
  region size 1024K, 1 young (1024K), 1 survivors (1024K)
 Metaspace       used 73073K, capacity 75319K, committed 75648K, reserved 1114112K
  class space    used 9212K, capacity 9968K, committed 10112K, reserved 1048576K
}
Event: 5459.505 GC heap before
{Heap before GC invocations=67 (full 0):
 garbage-first heap   total 148480K, used 114499K [0x00000000c0000000, 0x0000000100000000)
  region size 1024K, 41 young (41984K), 1 survivors (1024K)
 Metaspace       used 73150K, capacity 75433K, committed 75904K, reserved 1116160K
  class space    used 9211K, capacity 9966K, committed 10112K, reserved 1048576K
}
Event: 5459.514 GC heap after
{Heap after GC invocations=68 (full 0):
 garbage-first heap   total 148480K, used 79318K [0x00000000c0000000, 0x0000000100000000)
  region size 1024K, 6 young (6144K), 6 survivors (6144K)
 Metaspace       used 73150K, capacity 75433K, committed 75904K, reserved 1116160K
  class space    used 9211K, capacity 9966K, committed 10112K, reserved 1048576K
}
Event: 5459.544 GC heap before
{Heap before GC invocations=68 (full 0):
 garbage-first heap   total 148480K, used 80342K [0x00000000c0000000, 0x0000000100000000)
  region size 1024K, 7 young (7168K), 6 survivors (6144K)
 Metaspace       used 73162K, capacity 75433K, committed 75904K, reserved 1116160K
  class space    used 9211K, capacity 9966K, committed 10112K, reserved 1048576K
}
Event: 5459.559 GC heap after
{Heap after GC invocations=69 (full 0):
 garbage-first heap   total 148480K, used 75350K [0x00000000c0000000, 0x0000000100000000)
  region size 1024K, 1 young (1024K), 1 survivors (1024K)
 Metaspace       used 73162K, capacity 75433K, committed 75904K, reserved 1116160K
  class space    used 9211K, capacity 9966K, committed 10112K, reserved 1048576K
}
Event: 5461.119 GC heap before
{Heap before GC invocations=69 (full 0):
 garbage-first heap   total 148480K, used 115286K [0x00000000c0000000, 0x0000000100000000)
  region size 1024K, 40 young (40960K), 1 survivors (1024K)
 Metaspace       used 73296K, capacity 75609K, committed 75904K, reserved 1116160K
  class space    used 9217K, capacity 9976K, committed 10112K, reserved 1048576K
}
Event: 5461.132 GC heap after
{Heap after GC invocations=70 (full 0):
 garbage-first heap   total 148480K, used 80896K [0x00000000c0000000, 0x0000000100000000)
  region size 1024K, 5 young (5120K), 5 survivors (5120K)
 Metaspace       used 73296K, capacity 75609K, committed 75904K, reserved 1116160K
  class space    used 9217K, capacity 9976K, committed 10112K, reserved 1048576K
}
Event: 5481.016 GC heap before
{Heap before GC invocations=71 (full 0):
 garbage-first heap   total 148480K, used 106496K [0x00000000c0000000, 0x0000000100000000)
  region size 1024K, 34 young (34816K), 5 survivors (5120K)
 Metaspace       used 73428K, capacity 75744K, committed 75904K, reserved 1122304K
  class space    used 9228K, capacity 10013K, committed 10112K, reserved 1048576K
}
Event: 5481.026 GC heap after
{Heap after GC invocations=72 (full 0):
 garbage-first heap   total 148480K, used 80158K [0x00000000c0000000, 0x0000000100000000)
  region size 1024K, 2 young (2048K), 2 survivors (2048K)
 Metaspace       used 73428K, capacity 75744K, committed 75904K, reserved 1122304K
  class space    used 9228K, capacity 10013K, committed 10112K, reserved 1048576K
}

Deoptimization events (10 events):
Event: 5462.233 Thread 0x000001c118c19800 Uncommon trap: reason=profile_predicate action=maybe_recompile pc=0x000001c110719bbc method=java.nio.file.Files.walkFileTree(Ljava/nio/file/Path;Ljava/util/Set;ILjava/nio/file/FileVisitor;)Ljava/nio/file/Path; @ 19 c2
Event: 5480.999 Thread 0x000001c118c1c000 Uncommon trap: reason=unstable_if action=reinterpret pc=0x000001c110597b50 method=org.gradle.internal.logging.events.LogEvent.render(Lorg/gradle/internal/logging/text/StyledTextOutput;)V @ 22 c2
Event: 5481.001 Thread 0x000001c118c1c000 Uncommon trap: reason=unstable_if action=reinterpret pc=0x000001c1105233b8 method=org.gradle.internal.operations.DefaultBuildOperationExecutor.execute(Lorg/gradle/internal/operations/BuildOperation;Lorg/gradle/internal/operations/BuildOperationWorker;Lorg
Event: 5481.002 Thread 0x000001c118c1c000 Uncommon trap: reason=unstable_if action=reinterpret pc=0x000001c1105233b8 method=org.gradle.internal.operations.DefaultBuildOperationExecutor.execute(Lorg/gradle/internal/operations/BuildOperation;Lorg/gradle/internal/operations/BuildOperationWorker;Lorg
Event: 5481.002 Thread 0x000001c118c14000 Uncommon trap: reason=unstable_if action=reinterpret pc=0x000001c1102ceea4 method=com.esotericsoftware.kryo.io.Output.writeString(Ljava/lang/CharSequence;)V @ 83 c2
Event: 5481.004 Thread 0x000001c118c0f000 Uncommon trap: reason=unstable_if action=reinterpret pc=0x000001c1105233b8 method=org.gradle.internal.operations.DefaultBuildOperationExecutor.execute(Lorg/gradle/internal/operations/BuildOperation;Lorg/gradle/internal/operations/BuildOperationWorker;Lorg
Event: 5481.008 Thread 0x000001c118c0f000 Uncommon trap: reason=unstable_if action=reinterpret pc=0x000001c1100b06e4 method=java.util.regex.Matcher.search(I)Z @ 76 c2
Event: 5481.008 Thread 0x000001c118c0f000 Uncommon trap: reason=unstable_if action=reinterpret pc=0x000001c11009f86c method=java.util.regex.Matcher.search(I)Z @ 76 c2
Event: 5481.013 Thread 0x000001c118c14000 Uncommon trap: reason=unstable_if action=reinterpret pc=0x000001c110551a14 method=org.gradle.internal.io.StreamByteBuffer.allocateSpace()I @ 9 c2
Event: 5481.014 Thread 0x000001c118c14000 Uncommon trap: reason=unstable_if action=reinterpret pc=0x000001c1102e229c method=org.gradle.internal.io.StreamByteBuffer.prepareRead()I @ 30 c2

Classes redefined (0 events):
No events

Internal exceptions (10 events):
Event: 5459.486 Thread 0x000001c118c0f000 Exception <a 'sun/nio/fs/WindowsException'{0x00000000c6ac97f8}> (0x00000000c6ac97f8) thrown at [t:/workspace/open/src/hotspot/share/prims/jni.cpp, line 615]
Event: 5459.665 Thread 0x000001c118c0f000 Exception <a 'sun/nio/fs/WindowsException'{0x00000000c8ec4d08}> (0x00000000c8ec4d08) thrown at [t:/workspace/open/src/hotspot/share/prims/jni.cpp, line 615]
Event: 5462.180 Thread 0x000001c118c19800 Exception <a 'java/lang/NoSuchMethodError'{0x00000000c7e0d878}: <clinit>> (0x00000000c7e0d878) thrown at [t:/workspace/open/src/hotspot/share/prims/jni.cpp, line 1362]
Event: 5462.180 Thread 0x000001c118c19800 Exception <a 'java/lang/NoSuchMethodError'{0x00000000c7e11450}: <clinit>> (0x00000000c7e11450) thrown at [t:/workspace/open/src/hotspot/share/prims/jni.cpp, line 1362]
Event: 5462.183 Thread 0x000001c118c19800 Exception <a 'java/lang/NoSuchMethodError'{0x00000000c7e2c0d8}: <clinit>> (0x00000000c7e2c0d8) thrown at [t:/workspace/open/src/hotspot/share/prims/jni.cpp, line 1362]
Event: 5462.184 Thread 0x000001c118c19800 Exception <a 'java/lang/NoSuchMethodError'{0x00000000c7e3cbf0}: <clinit>> (0x00000000c7e3cbf0) thrown at [t:/workspace/open/src/hotspot/share/prims/jni.cpp, line 1362]
Event: 5480.996 Thread 0x000001c118c1b000 Exception <a 'java/io/IOException'{0x00000000c75ec3d0}> (0x00000000c75ec3d0) thrown at [t:/workspace/open/src/hotspot/share/prims/jni.cpp, line 615]
Event: 5480.999 Thread 0x000001c118c1c000 Exception <a 'java/io/IOException'{0x00000000c7584988}> (0x00000000c7584988) thrown at [t:/workspace/open/src/hotspot/share/prims/jni.cpp, line 615]
Event: 5481.001 Thread 0x000001c118c1c000 Exception <a 'java/lang/reflect/InvocationTargetException'{0x00000000c741ebf0}> (0x00000000c741ebf0) thrown at [t:/workspace/open/src/hotspot/share/runtime/reflection.cpp, line 1183]
Event: 5481.009 Thread 0x000001c118c14000 Exception <a 'java/lang/NoSuchMethodError'{0x00000000c74de430}: <clinit>> (0x00000000c74de430) thrown at [t:/workspace/open/src/hotspot/share/prims/jni.cpp, line 1362]

Events (10 events):
Event: 5481.014 Thread 0x000001c118c14000 Uncommon trap: trap_request=0xffffff4d fr.pc=0x000001c1102e229c relative=0x000000000000017c
Event: 5481.014 Thread 0x000001c118c14000 DEOPT PACKING pc=0x000001c1102e229c sp=0x00000007036fe9b0
Event: 5481.014 Thread 0x000001c118c14000 DEOPT UNPACKING pc=0x000001c108359baf sp=0x00000007036fe960 mode 2
Event: 5481.015 loading class org/gradle/internal/buildevents/BuildExceptionReporter$FailureDetails
Event: 5481.015 loading class org/gradle/internal/buildevents/BuildExceptionReporter$FailureDetails done
Event: 5481.015 loading class org/gradle/internal/logging/text/BufferingStyledTextOutput
Event: 5481.015 loading class org/gradle/internal/logging/text/BufferingStyledTextOutput done
Event: 5481.015 loading class org/gradle/internal/buildevents/BuildExceptionReporter$ExceptionStyle
Event: 5481.015 loading class org/gradle/internal/buildevents/BuildExceptionReporter$ExceptionStyle done
Event: 5481.016 Executing VM operation: CollectForMetadataAllocation


Dynamic libraries:
0x00007ff751c70000 - 0x00007ff751c7f000 	C:\Program Files\Java\jdk-12\bin\java.exe
0x00007fff62420000 - 0x00007fff62601000 	C:\WINDOWS\SYSTEM32\ntdll.dll
0x00007fff5ff90000 - 0x00007fff60041000 	C:\WINDOWS\System32\KERNEL32.DLL
0x00007fff5f220000 - 0x00007fff5f493000 	C:\WINDOWS\System32\KERNELBASE.dll
0x00007fff5f540000 - 0x00007fff5f638000 	C:\WINDOWS\System32\ucrtbase.dll
0x00007fff5a990000 - 0x00007fff5a9a8000 	C:\Program Files\Java\jdk-12\bin\jli.dll
0x00007fff58560000 - 0x00007fff58576000 	C:\Program Files\Java\jdk-12\bin\VCRUNTIME140.dll
0x00007fff5fd90000 - 0x00007fff5fe31000 	C:\WINDOWS\System32\ADVAPI32.dll
0x00007fff60380000 - 0x00007fff6041e000 	C:\WINDOWS\System32\msvcrt.dll
0x00007fff5fec0000 - 0x00007fff5ff1b000 	C:\WINDOWS\System32\sechost.dll
0x00007fff60510000 - 0x00007fff60634000 	C:\WINDOWS\System32\RPCRT4.dll
0x00007fff62120000 - 0x00007fff622b0000 	C:\WINDOWS\System32\USER32.dll
0x00007fff4e320000 - 0x00007fff4e589000 	C:\WINDOWS\WinSxS\amd64_microsoft.windows.common-controls_6595b64144ccf1df_6.0.17134.706_none_fb43a2cb30647007\COMCTL32.dll
0x00007fff5f150000 - 0x00007fff5f170000 	C:\WINDOWS\System32\win32u.dll
0x00007fff5f8b0000 - 0x00007fff5f8d8000 	C:\WINDOWS\System32\GDI32.dll
0x00007fff60050000 - 0x00007fff60372000 	C:\WINDOWS\System32\combase.dll
0x00007fff5e8a0000 - 0x00007fff5ea32000 	C:\WINDOWS\System32\gdi32full.dll
0x00007fff5f640000 - 0x00007fff5f6ba000 	C:\WINDOWS\System32\bcryptPrimitives.dll
0x00007fff5f4a0000 - 0x00007fff5f53f000 	C:\WINDOWS\System32\msvcp_win.dll
0x00007fff59460000 - 0x00007fff5946a000 	C:\WINDOWS\SYSTEM32\VERSION.dll
0x00007fff622b0000 - 0x00007fff622dd000 	C:\WINDOWS\System32\IMM32.DLL
0x00007fff2ee00000 - 0x00007fff2eeaa000 	C:\Program Files\Java\jdk-12\bin\msvcp140.dll
0x00007fff10380000 - 0x00007fff10ef4000 	C:\Program Files\Java\jdk-12\bin\server\jvm.dll
0x00007fff5f980000 - 0x00007fff5f988000 	C:\WINDOWS\System32\PSAPI.DLL
0x00007fff566a0000 - 0x00007fff566c3000 	C:\WINDOWS\SYSTEM32\WINMM.dll
0x00007fff4a170000 - 0x00007fff4a179000 	C:\WINDOWS\SYSTEM32\WSOCK32.dll
0x00007fff5ff20000 - 0x00007fff5ff8c000 	C:\WINDOWS\System32\WS2_32.dll
0x00007fff548b0000 - 0x00007fff548da000 	C:\WINDOWS\SYSTEM32\WINMMBASE.dll
0x00007fff5f1d0000 - 0x00007fff5f219000 	C:\WINDOWS\System32\cfgmgr32.dll
0x00007fff5e7d0000 - 0x00007fff5e7e1000 	C:\WINDOWS\System32\kernel.appcore.dll
0x00007fff52940000 - 0x00007fff52951000 	C:\Program Files\Java\jdk-12\bin\verify.dll
0x00007fff5d170000 - 0x00007fff5d339000 	C:\WINDOWS\SYSTEM32\DBGHELP.DLL
0x00007fff45180000 - 0x00007fff451a9000 	C:\WINDOWS\SYSTEM32\dbgcore.DLL
0x00007fff4cfb0000 - 0x00007fff4cfd6000 	C:\Program Files\Java\jdk-12\bin\java.dll
0x00007fff4dd20000 - 0x00007fff4dd37000 	C:\Program Files\Java\jdk-12\bin\zip.dll
0x00007fff55bc0000 - 0x00007fff55bca000 	C:\Program Files\Java\jdk-12\bin\jimage.dll
0x00007fff60ce0000 - 0x00007fff62120000 	C:\WINDOWS\System32\SHELL32.dll
0x00007fff622e0000 - 0x00007fff62389000 	C:\WINDOWS\System32\shcore.dll
0x00007fff5ea40000 - 0x00007fff5f14d000 	C:\WINDOWS\System32\windows.storage.dll
0x00007fff5fe40000 - 0x00007fff5fe91000 	C:\WINDOWS\System32\shlwapi.dll
0x00007fff5e7b0000 - 0x00007fff5e7cf000 	C:\WINDOWS\System32\profapi.dll
0x00007fff5e730000 - 0x00007fff5e77c000 	C:\WINDOWS\System32\powrprof.dll
0x00007fff5e7a0000 - 0x00007fff5e7aa000 	C:\WINDOWS\System32\FLTLIB.DLL
0x00007fff4db80000 - 0x00007fff4db99000 	C:\Program Files\Java\jdk-12\bin\net.dll
0x00007fff4fcd0000 - 0x00007fff4fe98000 	C:\WINDOWS\SYSTEM32\urlmon.dll
0x00007fff57fe0000 - 0x00007fff580bd000 	C:\WINDOWS\SYSTEM32\WINHTTP.dll
0x00007fff50e00000 - 0x00007fff510a6000 	C:\WINDOWS\SYSTEM32\iertutil.dll
0x00007fff5e160000 - 0x00007fff5e16b000 	C:\WINDOWS\SYSTEM32\CRYPTBASE.DLL
0x00007fff5dfb0000 - 0x00007fff5e016000 	C:\WINDOWS\system32\mswsock.dll
0x00007fff4d840000 - 0x00007fff4d853000 	C:\Program Files\Java\jdk-12\bin\nio.dll
0x00007fff4d260000 - 0x00007fff4d27e000 	C:\Users\leona\.gradle\native\25\windows-amd64\native-platform.dll
0x00007fff50990000 - 0x00007fff50999000 	C:\Program Files\Java\jdk-12\bin\management.dll
0x00007fff4dbd0000 - 0x00007fff4dbdc000 	C:\Program Files\Java\jdk-12\bin\management_ext.dll
0x00007fff5e170000 - 0x00007fff5e187000 	C:\WINDOWS\SYSTEM32\CRYPTSP.dll
0x00007fff5db90000 - 0x00007fff5dbc3000 	C:\WINDOWS\system32\rsaenh.dll
0x00007fff5e290000 - 0x00007fff5e2b5000 	C:\WINDOWS\SYSTEM32\bcrypt.dll
0x00007fff5e660000 - 0x00007fff5e688000 	C:\WINDOWS\SYSTEM32\USERENV.dll
0x00007fff5dd30000 - 0x00007fff5dd68000 	C:\WINDOWS\SYSTEM32\IPHLPAPI.DLL
0x00007fff60bf0000 - 0x00007fff60bf8000 	C:\WINDOWS\System32\NSI.dll
0x00007fff569a0000 - 0x00007fff569b6000 	C:\WINDOWS\SYSTEM32\dhcpcsvc6.DLL
0x00007fff57fc0000 - 0x00007fff57fda000 	C:\WINDOWS\SYSTEM32\dhcpcsvc.DLL
0x00007fff4ce00000 - 0x00007fff4ce27000 	C:\Program Files\Java\jdk-12\bin\sunec.dll
0x00007fff5dd70000 - 0x00007fff5de2e000 	C:\WINDOWS\SYSTEM32\DNSAPI.dll
0x00007fff54440000 - 0x00007fff5444a000 	C:\Windows\System32\rasadhlp.dll
0x00007fff50cd0000 - 0x00007fff50d42000 	C:\WINDOWS\System32\fwpuclnt.dll
0x00007fff4d8a0000 - 0x00007fff4d8ae000 	C:\Program Files\Java\jdk-12\bin\sunmscapi.dll
0x00007fff5f6c0000 - 0x00007fff5f8a2000 	C:\WINDOWS\System32\CRYPT32.dll
0x00007fff5e780000 - 0x00007fff5e792000 	C:\WINDOWS\System32\MSASN1.dll
0x00007fff5e260000 - 0x00007fff5e286000 	C:\WINDOWS\SYSTEM32\ncrypt.dll
0x00007fff5e220000 - 0x00007fff5e256000 	C:\WINDOWS\SYSTEM32\NTASN1.dll

dbghelp: loaded successfully - version: 4.0.5 - missing functions: none
symbol engine: initialized successfully - sym options: 0x614 - pdb path: .;C:\Program Files\Java\jdk-12\bin;C:\WINDOWS\SYSTEM32;C:\WINDOWS\WinSxS\amd64_microsoft.windows.common-controls_6595b64144ccf1df_6.0.17134.706_none_fb43a2cb30647007;C:\Program Files\Java\jdk-12\bin\server;C:\Users\leona\.gradle\native\25\windows-amd64

VM Arguments:
jvm_args: --add-opens=java.base/java.util=ALL-UNNAMED -XX:+HeapDumpOnOutOfMemoryError -Xmx1024m -Dfile.encoding=windows-1252 -Duser.country=BR -Duser.language=pt -Duser.variant 
java_command: org.gradle.launcher.daemon.bootstrap.GradleDaemon 4.10.2
java_class_path (initial): C:\Users\leona\.gradle\wrapper\dists\gradle-4.10.2-all\9fahxiiecdb76a5g3aw9oi8rv\gradle-4.10.2\lib\gradle-launcher-4.10.2.jar
Launcher Type: SUN_STANDARD

[Global flags]
     intx CICompilerCount                          = 3                                         {product} {ergonomic}
     uint ConcGCThreads                            = 1                                         {product} {ergonomic}
     uint G1ConcRefinementThreads                  = 4                                         {product} {ergonomic}
   size_t G1HeapRegionSize                         = 1048576                                   {product} {ergonomic}
    uintx GCDrainStackTargetSize                   = 64                                        {product} {ergonomic}
     bool HeapDumpOnOutOfMemoryError               = true                                   {manageable} {command line}
   size_t InitialHeapSize                          = 134217728                                 {product} {ergonomic}
   size_t MarkStackSize                            = 4194304                                   {product} {ergonomic}
   size_t MaxHeapSize                              = 1073741824                                {product} {command line}
   size_t MaxNewSize                               = 643825664                                 {product} {ergonomic}
   size_t MinHeapDeltaBytes                        = 1048576                                   {product} {ergonomic}
    uintx NonNMethodCodeHeapSize                   = 5830732                                {pd product} {ergonomic}
    uintx NonProfiledCodeHeapSize                  = 122913754                              {pd product} {ergonomic}
    uintx ProfiledCodeHeapSize                     = 122913754                              {pd product} {ergonomic}
    uintx ReservedCodeCacheSize                    = 251658240                              {pd product} {ergonomic}
     bool SegmentedCodeCache                       = true                                      {product} {ergonomic}
     bool UseCompressedClassPointers               = true                                 {lp64_product} {ergonomic}
     bool UseCompressedOops                        = true                                 {lp64_product} {ergonomic}
     bool UseG1GC                                  = true                                      {product} {ergonomic}
     bool UseLargePagesIndividualAllocation        = false                                  {pd product} {ergonomic}

Logging:
Log output configuration:
 #0: stdout all=warning uptime,level,tags
 #1: stderr all=off uptime,level,tags

Environment Variables:
JAVA_HOME=C:\Program Files\Java\jdk-12
CLASSPATH=C:\React Native\Cook-Dinner\CookDinner\android\\gradle\wrapper\gradle-wrapper.jar
PATH=C:\Program Files (x86)\Intel\iCLS Client\;C:\Program Files (x86)\Common Files\Oracle\Java\javapath;C:\Program Files\Python35\Scripts\;C:\Program Files\Python36\Scripts\;C:\Program Files\Python36\;C:\ProgramData\Oracle\Java\javapath;C:\Program Files\Intel\iCLS Client\;C:\Windows\system32;C:\Windows;C:\Windows\System32\Wbem;C:\Windows\System32\WindowsPowerShell\v1.0\;C:\Program Files (x86)\NVIDIA Corporation\PhysX\Common;C:\Program Files\Python35\;C:\Users\leona\AppData\Local\Programs\Python\Python36-32;C:\Users\leona\AppData\Local\Programs\Python\Python36-32\Scripts;C:\WINDOWS\system32;C:\WINDOWS;C:\WINDOWS\System32\Wbem;C:\WINDOWS\System32\WindowsPowerShell\v1.0\;C:\Users\leona\AppData\Local\Microsoft\WindowsApps;C:\adb;C:\Program Files (x86)\Intel\Intel(R) Management Engine Components\DAL;C:\Program Files\Intel\Intel(R) Management Engine Components\DAL;C:\Program Files (x86)\Intel\Intel(R) Management Engine Components\IPT;C:\Program Files\Intel\Intel(R) Management Engine Components\IPT;C:\WINDOWS\system32;C:\WINDOWS;C:\WINDOWS\System32\Wbem;C:\WINDOWS\System32\WindowsPowerShell\v1.0\;C:\WINDOWS\System32\OpenSSH\;C:\Program Files\NVIDIA Corporation\NVIDIA NvDLISR;C:\Program Files\Git\cmd;C:\Program Files\Intel\WiFi\bin\;C:\Program Files\Common Files\Intel\WirelessCommon\;C:\Program Files\nodejs\;C:\ProgramData\chocolatey\bin;C:\Program Files (x86)\Yarn\bin\;C:\Users\leona\AppData\Local\Microsoft\WindowsApps;C:\Users\leona\AppData\Local\GitHubDesktop\bin;C:\Users\leona\AppData\Local\Microsoft\WindowsApps;C:\Program Files\Intel\WiFi\bin\;C:\Program Files\Common Files\Intel\WirelessCommon\;C:\Users\leona\AppData\Roaming\npm;C:\Users\leona\AppData\Local\Android\Sdk\platform-tools;C:\Gradle\gradle-5.3.1\bin;C:\Users\leona\AppData\Local\Yarn\bin;C:\Users\leona\AppData\Local\atom\bin
USERNAME=leona
OS=Windows_NT
PROCESSOR_IDENTIFIER=Intel64 Family 6 Model 142 Stepping 9, GenuineIntel



---------------  S Y S T E M  ---------------

OS: Windows 10 , 64 bit Build 17134 (10.0.17134.706)

CPU:total 4 (initial active 4) (2 cores per cpu, 2 threads per core) family 6 model 142 stepping 9, cmov, cx8, fxsr, mmx, sse, sse2, sse3, ssse3, sse4.1, sse4.2, popcnt, avx, avx2, aes, clmul, erms, 3dnowpref, lzcnt, ht, tsc, tscinvbit, bmi1, bmi2, adx, fma

Memory: 4k page, system-wide physical 8090M (1834M free)
TotalPageFile size 8090M (AvailPageFile size 2M)
current process WorkingSet (physical memory assigned to process): 337M, peak: 397M
current process commit charge ("private bytes"): 387M, peak: 432M

vm_info: Java HotSpot(TM) 64-Bit Server VM (12+33) for windows-amd64 JRE (12+33), built on Feb 21 2019 02:31:50 by "mach5one" with MS VC++ 15.5 (VS2017)

END.
