#
# There is insufficient memory for the Java Runtime Environment to continue.
# Native memory allocation (mmap) failed to map 134217728 bytes for Failed to commit area from 0x0000000081800000 to 0x0000000089800000 of length 134217728.
# Possible reasons:
#   The system is out of physical RAM or swap space
#   The process is running with CompressedOops enabled, and the Java Heap may be blocking the growth of the native heap
# Possible solutions:
#   Reduce memory load on the system
#   Increase physical memory or swap space
#   Check if swap backing store is full
#   Decrease Java heap size (-Xmx/-Xms)
#   Decrease number of Java threads
#   Decrease Java thread stack sizes (-Xss)
#   Set larger code cache with -XX:ReservedCodeCacheSize=
# This output file may be truncated or incomplete.
#
#  Out of Memory Error (t:/workspace/open/src/hotspot/os/windows/os_windows.cpp:3254), pid=10000, tid=10084
#
# JRE version:  (12.0+33) (build )
# Java VM: Java HotSpot(TM) 64-Bit Server VM (12+33, mixed mode, aot, sharing, tiered, compressed oops, g1 gc, windows-amd64)
# No core dump will be written. Minidumps are not enabled by default on client versions of Windows
#

---------------  S U M M A R Y ------------

Command Line: -Dorg.gradle.appname=gradlew org.gradle.wrapper.GradleWrapperMain app:installDebug

Host: Intel(R) Core(TM) i5-7200U CPU @ 2.50GHz, 4 cores, 7G,  Windows 10 , 64 bit Build 17134 (10.0.17134.706)
Time: Wed Apr 10 18:41:12 2019 Hora oficial do Brasil elapsed time: 0 seconds (0d 0h 0m 0s)

---------------  T H R E A D  ---------------

Current thread (0x0000021ac3aba000):  JavaThread "Unknown thread" [_thread_in_vm, id=10084, stack(0x000000cc6f800000,0x000000cc6f900000)]

Stack: [0x000000cc6f800000,0x000000cc6f900000]
Native frames: (J=compiled Java code, j=interpreted, Vv=VM code, C=native code)
V  [jvm.dll+0x63948a]
V  [jvm.dll+0x78b31f]
V  [jvm.dll+0x78c9c1]
V  [jvm.dll+0x78d013]
V  [jvm.dll+0x262138]
V  [jvm.dll+0x63698a]
V  [jvm.dll+0x62b505]
V  [jvm.dll+0x31d9bc]
V  [jvm.dll+0x31d7ef]
V  [jvm.dll+0x323526]
V  [jvm.dll+0x370f76]
V  [jvm.dll+0x370750]
V  [jvm.dll+0x2f786a]
V  [jvm.dll+0x2f8af2]
V  [jvm.dll+0x7657b7]
V  [jvm.dll+0x766e95]
V  [jvm.dll+0x37f089]
V  [jvm.dll+0x749b14]
V  [jvm.dll+0x3ee48d]
V  [jvm.dll+0x3f03c1]
C  [jli.dll+0x51cf]
C  [ucrtbase.dll+0x1e3fe]
C  [KERNEL32.DLL+0x14034]
C  [ntdll.dll+0x73691]


---------------  P R O C E S S  ---------------

Threads class SMR info:
_java_thread_list=0x00007ffe66e848e8, length=0, elements={
}

Java Threads: ( => current thread )

Other Threads:
  0x0000021ac3af8000 GCTaskThread "GC Thread#0" [stack: 0x000000cc6f900000,0x000000cc6fa00000] [id=18364]
  0x0000021ac3b06800 ConcurrentGCThread "G1 Main Marker" [stack: 0x000000cc6fa00000,0x000000cc6fb00000] [id=10548]
  0x0000021ac3b08000 ConcurrentGCThread "G1 Conc#0" [stack: 0x000000cc6fb00000,0x000000cc6fc00000] [id=20736]

[error occurred during error reporting (printing all threads), id 0xc0000005, EXCEPTION_ACCESS_VIOLATION (0xc0000005) at pc=0x00007ffe666b7a37]

VM state:not at safepoint (not fully initialized)

VM Mutex/Monitor currently owned by a thread:  ([mutex/lock_event])
[0x0000021ac3ab61d0] Heap_lock - owner thread: 0x0000021ac3aba000

Heap address: 0x0000000081800000, size: 2024 MB, Compressed Oops mode: Non-zero based: 0x0000000081800000
Narrow klass base: 0x0000000000000000, Narrow klass shift: 0

GC Heap History (0 events):
No events

Deoptimization events (0 events):
No events

Classes redefined (0 events):
No events

Internal exceptions (0 events):
No events

Events (0 events):
No events


Dynamic libraries:
0x00007ff61b6c0000 - 0x00007ff61b6cf000 	C:\Program Files\Java\jdk-12\bin\java.exe
0x00007ffeb47d0000 - 0x00007ffeb49b1000 	C:\WINDOWS\SYSTEM32\ntdll.dll
0x00007ffeb28a0000 - 0x00007ffeb2951000 	C:\WINDOWS\System32\KERNEL32.DLL
0x00007ffeb0e80000 - 0x00007ffeb10f3000 	C:\WINDOWS\System32\KERNELBASE.dll
0x00007ffeb1b60000 - 0x00007ffeb1c58000 	C:\WINDOWS\System32\ucrtbase.dll
0x00007ffeab820000 - 0x00007ffeab836000 	C:\Program Files\Java\jdk-12\bin\VCRUNTIME140.dll
0x00007ffeab940000 - 0x00007ffeab958000 	C:\Program Files\Java\jdk-12\bin\jli.dll
0x00007ffeb1c60000 - 0x00007ffeb1d01000 	C:\WINDOWS\System32\ADVAPI32.dll
0x00007ffeb4570000 - 0x00007ffeb460e000 	C:\WINDOWS\System32\msvcrt.dll
0x00007ffeb1d10000 - 0x00007ffeb1d6b000 	C:\WINDOWS\System32\sechost.dll
0x00007ffeb2770000 - 0x00007ffeb2894000 	C:\WINDOWS\System32\RPCRT4.dll
0x00007ffeb4610000 - 0x00007ffeb47a0000 	C:\WINDOWS\System32\USER32.dll
0x00007ffeb19a0000 - 0x00007ffeb19c0000 	C:\WINDOWS\System32\win32u.dll
0x00007ffeb1f10000 - 0x00007ffeb1f38000 	C:\WINDOWS\System32\GDI32.dll
0x00007ffeb19c0000 - 0x00007ffeb1b52000 	C:\WINDOWS\System32\gdi32full.dll
0x00007ffeb0de0000 - 0x00007ffeb0e7f000 	C:\WINDOWS\System32\msvcp_win.dll
0x00007ffea60a0000 - 0x00007ffea6309000 	C:\WINDOWS\WinSxS\amd64_microsoft.windows.common-controls_6595b64144ccf1df_6.0.17134.706_none_fb43a2cb30647007\COMCTL32.dll
0x00007ffeb23a0000 - 0x00007ffeb26c2000 	C:\WINDOWS\System32\combase.dll
0x00007ffeab590000 - 0x00007ffeab59a000 	C:\WINDOWS\SYSTEM32\VERSION.dll
0x00007ffeb1920000 - 0x00007ffeb199a000 	C:\WINDOWS\System32\bcryptPrimitives.dll
0x00007ffeb4430000 - 0x00007ffeb445d000 	C:\WINDOWS\System32\IMM32.DLL
0x00007ffe7b410000 - 0x00007ffe7b4ba000 	C:\Program Files\Java\jdk-12\bin\msvcp140.dll
0x00007ffe663b0000 - 0x00007ffe66f24000 	C:\Program Files\Java\jdk-12\bin\server\jvm.dll
0x00007ffeb2c70000 - 0x00007ffeb2c78000 	C:\WINDOWS\System32\PSAPI.DLL
0x00007ffea4b00000 - 0x00007ffea4b23000 	C:\WINDOWS\SYSTEM32\WINMM.dll
0x00007ffea4760000 - 0x00007ffea4769000 	C:\WINDOWS\SYSTEM32\WSOCK32.dll
0x00007ffea48f0000 - 0x00007ffea491a000 	C:\WINDOWS\SYSTEM32\WINMMBASE.dll
0x00007ffeb0d90000 - 0x00007ffeb0dd9000 	C:\WINDOWS\System32\cfgmgr32.dll
0x00007ffeb4460000 - 0x00007ffeb44cc000 	C:\WINDOWS\System32\WS2_32.dll
0x00007ffeb0b80000 - 0x00007ffeb0b91000 	C:\WINDOWS\System32\kernel.appcore.dll
0x00007ffe96410000 - 0x00007ffe96421000 	C:\Program Files\Java\jdk-12\bin\verify.dll
0x00007ffeaf520000 - 0x00007ffeaf6e9000 	C:\WINDOWS\SYSTEM32\DBGHELP.DLL
0x00007ffeaa630000 - 0x00007ffeaa659000 	C:\WINDOWS\SYSTEM32\dbgcore.DLL
0x00007ffe8de20000 - 0x00007ffe8de46000 	C:\Program Files\Java\jdk-12\bin\java.dll
0x00007ffe901b0000 - 0x00007ffe901c7000 	C:\Program Files\Java\jdk-12\bin\zip.dll
0x00007ffeac190000 - 0x00007ffeac19a000 	C:\Program Files\Java\jdk-12\bin\jimage.dll

dbghelp: loaded successfully - version: 4.0.5 - missing functions: none
symbol engine: initialized successfully - sym options: 0x614 - pdb path: .;C:\Program Files\Java\jdk-12\bin;C:\WINDOWS\SYSTEM32;C:\WINDOWS\WinSxS\amd64_microsoft.windows.common-controls_6595b64144ccf1df_6.0.17134.706_none_fb43a2cb30647007;C:\Program Files\Java\jdk-12\bin\server

VM Arguments:
jvm_args: -Dorg.gradle.appname=gradlew 
java_command: org.gradle.wrapper.GradleWrapperMain app:installDebug
java_class_path (initial): C:\React Native\Cook-Dinner\CookDinner\android\\gradle\wrapper\gradle-wrapper.jar
Launcher Type: SUN_STANDARD

[Global flags]
     intx CICompilerCount                          = 3                                         {product} {ergonomic}
     uint ConcGCThreads                            = 1                                         {product} {ergonomic}
     uint G1ConcRefinementThreads                  = 4                                         {product} {ergonomic}
   size_t G1HeapRegionSize                         = 1048576                                   {product} {ergonomic}
    uintx GCDrainStackTargetSize                   = 64                                        {product} {ergonomic}
   size_t InitialHeapSize                          = 134217728                                 {product} {ergonomic}
   size_t MarkStackSize                            = 4194304                                   {product} {ergonomic}
   size_t MaxHeapSize                              = 2122317824                                {product} {ergonomic}
   size_t MinHeapDeltaBytes                        = 1048576                                   {product} {ergonomic}
    uintx NonNMethodCodeHeapSize                   = 5830732                                {pd product} {ergonomic}
    uintx NonProfiledCodeHeapSize                  = 122913754                              {pd product} {ergonomic}
    uintx ProfiledCodeHeapSize                     = 122913754                              {pd product} {ergonomic}
    uintx ReservedCodeCacheSize                    = 251658240                              {pd product} {ergonomic}
     bool SegmentedCodeCache                       = true                                      {product} {ergonomic}
     bool UseCompressedClassPointers               = true                                 {lp64_product} {ergonomic}
     bool UseCompressedOops                        = true                                 {lp64_product} {ergonomic}
     bool UseG1GC                                  = true                                      {product} {ergonomic}
     bool UseLargePagesIndividualAllocation        = false                                  {pd product} {ergonomic}

Logging:
Log output configuration:
 #0: stdout all=warning uptime,level,tags
 #1: stderr all=off uptime,level,tags

Environment Variables:
JAVA_HOME=C:\Program Files\Java\jdk-12
CLASSPATH=C:\React Native\Cook-Dinner\CookDinner\android\\gradle\wrapper\gradle-wrapper.jar
PATH=C:\Program Files (x86)\Intel\iCLS Client\;C:\Program Files (x86)\Common Files\Oracle\Java\javapath;C:\Program Files\Python35\Scripts\;C:\Program Files\Python36\Scripts\;C:\Program Files\Python36\;C:\ProgramData\Oracle\Java\javapath;C:\Program Files\Intel\iCLS Client\;C:\Windows\system32;C:\Windows;C:\Windows\System32\Wbem;C:\Windows\System32\WindowsPowerShell\v1.0\;C:\Program Files (x86)\NVIDIA Corporation\PhysX\Common;C:\Program Files\Python35\;C:\Users\leona\AppData\Local\Programs\Python\Python36-32;C:\Users\leona\AppData\Local\Programs\Python\Python36-32\Scripts;C:\WINDOWS\system32;C:\WINDOWS;C:\WINDOWS\System32\Wbem;C:\WINDOWS\System32\WindowsPowerShell\v1.0\;C:\Users\leona\AppData\Local\Microsoft\WindowsApps;C:\adb;C:\Program Files (x86)\Intel\Intel(R) Management Engine Components\DAL;C:\Program Files\Intel\Intel(R) Management Engine Components\DAL;C:\Program Files (x86)\Intel\Intel(R) Management Engine Components\IPT;C:\Program Files\Intel\Intel(R) Management Engine Components\IPT;C:\WINDOWS\system32;C:\WINDOWS;C:\WINDOWS\System32\Wbem;C:\WINDOWS\System32\WindowsPowerShell\v1.0\;C:\WINDOWS\System32\OpenSSH\;C:\Program Files\NVIDIA Corporation\NVIDIA NvDLISR;C:\Program Files\Git\cmd;C:\Program Files\Intel\WiFi\bin\;C:\Program Files\Common Files\Intel\WirelessCommon\;C:\Program Files\nodejs\;C:\ProgramData\chocolatey\bin;C:\Program Files (x86)\Yarn\bin\;C:\Users\leona\AppData\Local\Microsoft\WindowsApps;C:\Users\leona\AppData\Local\GitHubDesktop\bin;C:\Users\leona\AppData\Local\Microsoft\WindowsApps;C:\Program Files\Intel\WiFi\bin\;C:\Program Files\Common Files\Intel\WirelessCommon\;C:\Users\leona\AppData\Roaming\npm;C:\Users\leona\AppData\Local\Android\Sdk\platform-tools;C:\Gradle\gradle-5.3.1\bin;C:\Users\leona\AppData\Local\Yarn\bin;C:\Users\leona\AppData\Local\atom\bin
USERNAME=leona
OS=Windows_NT
PROCESSOR_IDENTIFIER=Intel64 Family 6 Model 142 Stepping 9, GenuineIntel



---------------  S Y S T E M  ---------------

OS: Windows 10 , 64 bit Build 17134 (10.0.17134.706)

CPU:total 4 (initial active 4) (2 cores per cpu, 2 threads per core) family 6 model 142 stepping 9, cmov, cx8, fxsr, mmx, sse, sse2, sse3, ssse3, sse4.1, sse4.2, popcnt, avx, avx2, aes, clmul, erms, 3dnowpref, lzcnt, ht, tsc, tscinvbit, bmi1, bmi2, adx, fma

Memory: 4k page, system-wide physical 8090M (1734M free)
TotalPageFile size 8090M (AvailPageFile size 11M)
current process WorkingSet (physical memory assigned to process): 9M, peak: 9M
current process commit charge ("private bytes"): 52M, peak: 179M

vm_info: Java HotSpot(TM) 64-Bit Server VM (12+33) for windows-amd64 JRE (12+33), built on Feb 21 2019 02:31:50 by "mach5one" with MS VC++ 15.5 (VS2017)

END.
